<?xml version="1.0" encoding="UTF-8"?>
<!-- Generated by org.testng.reporters.JUnitReportReporter -->
<testsuite skipped="0" hostname="DESKTOP-IJLUITG" name="com.vijay.Extentreport.ExtentReportDemo" tests="1" failures="0" timestamp="2022-02-02T20:47:04 IST" time="121.197" errors="0">
  <testcase name="initialDemo" time="121.197" classname="com.vijay.Extentreport.ExtentReportDemo"/>
  <system-out/>
</testsuite> <!-- com.vijay.Extentreport.ExtentReportDemo -->
